Flow report for ome2_ivt
Tue Mar 22 14:50:40 2016
Quartus II 64-Bit Version 13.1.0 Build 162 10/23/2013 SJ Full Version


---------------------
; Table of Contents ;
---------------------
  1. Legal Notice
  2. Flow Summary
  3. Flow Settings
  4. Flow Non-Default Global Settings
  5. Flow Elapsed Time
  6. Flow OS Summary
  7. Flow Log
  8. Flow Messages
  9. Flow Suppressed Messages



----------------
; Legal Notice ;
----------------
Copyright (C) 1991-2013 Altera Corporation
Your use of Altera Corporation's design tools, logic functions 
and other software and tools, and its AMPP partner logic 
functions, and any output files from any of the foregoing 
(including device programming or simulation files), and any 
associated documentation or information are expressly subject 
to the terms and conditions of the Altera Program License 
Subscription Agreement, Altera MegaCore Function License 
Agreement, or other applicable license agreement, including, 
without limitation, that your use is for the sole purpose of 
programming logic devices manufactured by Altera and sold by 
Altera or its authorized distributors.  Please refer to the 
applicable agreement for further details.



+-------------------------------------------------------------------------------+
; Flow Summary                                                                  ;
+---------------------------------+---------------------------------------------+
; Flow Status                     ; Successful - Tue Mar 22 14:47:12 2016       ;
; Quartus II 64-Bit Version       ; 13.1.0 Build 162 10/23/2013 SJ Full Version ;
; Revision Name                   ; ome2_ivt                                    ;
; Top-level Entity Name           ; ome_top                                     ;
; Family                          ; Stratix V                                   ;
; Device                          ; 5SGXEA7N1F45C1                              ;
; Timing Models                   ; Final                                       ;
; Logic utilization (in ALMs)     ; 79,082 / 234,720 ( 34 % )                   ;
; Total registers                 ; 65105                                       ;
; Total pins                      ; 150 / 1,064 ( 14 % )                        ;
; Total virtual pins              ; 0                                           ;
; Total block memory bits         ; 2,576,320 / 52,428,800 ( 5 % )              ;
; Total DSP Blocks                ; 128 / 256 ( 50 % )                          ;
; Total HSSI STD RX PCSs          ; 0 / 48 ( 0 % )                              ;
; Total HSSI 10G RX PCSs          ; 0 / 48 ( 0 % )                              ;
; Total HSSI GEN3 RX PCSs         ; 0 / 48 ( 0 % )                              ;
; Total HSSI PMA RX Deserializers ; 24 / 48 ( 50 % )                            ;
; Total HSSI STD TX PCSs          ; 0 / 48 ( 0 % )                              ;
; Total HSSI 10G TX PCSs          ; 0 / 48 ( 0 % )                              ;
; Total HSSI GEN3 TX PCSs         ; 0 / 48 ( 0 % )                              ;
; Total HSSI TX Channels          ; 24 / 48 ( 50 % )                            ;
; Total HSSI PIPE GEN1_2s         ; 0 / 48 ( 0 % )                              ;
; Total HSSI GEN3s                ; 0 / 48 ( 0 % )                              ;
; Total PLLs                      ; 7 / 92 ( 8 % )                              ;
; Total DLLs                      ; 0 / 4 ( 0 % )                               ;
+---------------------------------+---------------------------------------------+


+-----------------------------------------+
; Flow Settings                           ;
+-------------------+---------------------+
; Option            ; Setting             ;
+-------------------+---------------------+
; Start date & time ; 01/12/2016 13:07:16 ;
; Main task         ; Compilation         ;
; Revision Name     ; ome2_ivt            ;
+-------------------+---------------------+


+------------------------------------------------------------------------------------------------------------------------------------------------------------------------------------------+
; Flow Non-Default Global Settings                                                                                                                                                         ;
+----------------------------------------------+-----------------------------------------------------------------------------------+---------------+-------------+-------------------------+
; Assignment Name                              ; Value                                                                             ; Default Value ; Entity Name ; Section Id              ;
+----------------------------------------------+-----------------------------------------------------------------------------------+---------------+-------------+-------------------------+
; ADD_PASS_THROUGH_LOGIC_TO_INFERRED_RAMS      ; Off                                                                               ; On            ; --          ; --                      ;
; ADV_NETLIST_OPT_SYNTH_WYSIWYG_REMAP          ; On                                                                                ; Off           ; --          ; --                      ;
; ALLOW_ANY_RAM_SIZE_FOR_RECOGNITION           ; On                                                                                ; Off           ; --          ; --                      ;
; AUTO_PACKED_REGISTERS_STRATIXII              ; Normal                                                                            ; Auto          ; --          ; --                      ;
; COMPILER_SIGNATURE_ID                        ; 136361035095228.145260043610688                                                   ; --            ; --          ; --                      ;
; FITTER_EFFORT                                ; Standard Fit                                                                      ; Auto Fit      ; --          ; --                      ;
; MAX_CORE_JUNCTION_TEMP                       ; 85                                                                                ; --            ; --          ; --                      ;
; MIN_CORE_JUNCTION_TEMP                       ; 0                                                                                 ; --            ; --          ; --                      ;
; MUX_RESTRUCTURE                              ; On                                                                                ; Auto          ; --          ; --                      ;
; OPTIMIZATION_TECHNIQUE                       ; Speed                                                                             ; Balanced      ; --          ; --                      ;
; PARTITION_COLOR                              ; 39423                                                                             ; --            ; ome_top     ; cci_std_afu:cci_std_afu ;
; PARTITION_COLOR                              ; 39423                                                                             ; --            ; ome_top     ; ome_bot:bot_ome         ;
; PARTITION_COLOR                              ; 16764057                                                                          ; --            ; ome_top     ; Top                     ;
; PARTITION_FITTER_PRESERVATION_LEVEL          ; PLACEMENT_AND_ROUTING                                                             ; --            ; ome_top     ; cci_std_afu:cci_std_afu ;
; PARTITION_FITTER_PRESERVATION_LEVEL          ; PLACEMENT_AND_ROUTING                                                             ; --            ; ome_top     ; ome_bot:bot_ome         ;
; PARTITION_FITTER_PRESERVATION_LEVEL          ; PLACEMENT_AND_ROUTING                                                             ; --            ; ome_top     ; Top                     ;
; PARTITION_IMPORT_FILE                        ; /home/kkara/Projects/harp-applications/hashtable-cci/HW//qpi/ome_bot-CCIS.qxp     ; --            ; ome_top     ; ome_bot:bot_ome         ;
; PARTITION_LAST_IMPORTED_FILE                 ; /home/kkara/Projects/harp-applications/hashtable-cci/HW//qpi/ome_bot-CCIS.qxp     ; --            ; ome_top     ; ome_bot:bot_ome         ;
; PARTITION_NETLIST_TYPE                       ; POST_SYNTH                                                                        ; --            ; ome_top     ; cci_std_afu:cci_std_afu ;
; PARTITION_NETLIST_TYPE                       ; POST_FIT                                                                          ; --            ; ome_top     ; ome_bot:bot_ome         ;
; PARTITION_NETLIST_TYPE                       ; SOURCE                                                                            ; --            ; ome_top     ; Top                     ;
; PHYSICAL_SYNTHESIS_COMBO_LOGIC               ; On                                                                                ; Off           ; --          ; --                      ;
; PHYSICAL_SYNTHESIS_COMBO_LOGIC_FOR_AREA      ; On                                                                                ; Off           ; --          ; --                      ;
; PHYSICAL_SYNTHESIS_REGISTER_DUPLICATION      ; On                                                                                ; Off           ; --          ; --                      ;
; PHYSICAL_SYNTHESIS_REGISTER_RETIMING         ; On                                                                                ; Off           ; --          ; --                      ;
; POWER_BOARD_THERMAL_MODEL                    ; None (CONSERVATIVE)                                                               ; --            ; --          ; --                      ;
; POWER_PRESET_COOLING_SOLUTION                ; 23 MM HEAT SINK WITH 200 LFPM AIRFLOW                                             ; --            ; --          ; --                      ;
; ROUTER_LCELL_INSERTION_AND_LOGIC_DUPLICATION ; On                                                                                ; Auto          ; --          ; --                      ;
; ROUTER_TIMING_OPTIMIZATION_LEVEL             ; MAXIMUM                                                                           ; Normal        ; --          ; --                      ;
; SEARCH_PATH                                  ; /home/kkara/Projects/harp-applications/hashtable-cci/HW//nlb/include_files/altr   ; --            ; --          ; --                      ;
; SEARCH_PATH                                  ; /home/kkara/Projects/harp-applications/hashtable-cci/HW//nlb/include_files/common ; --            ; --          ; --                      ;
; SEED                                         ; 0                                                                                 ; 1             ; --          ; --                      ;
; TOP_LEVEL_ENTITY                             ; ome_top                                                                           ; ome2_ivt      ; --          ; --                      ;
; USE_HIGH_SPEED_ADDER                         ; On                                                                                ; Auto          ; --          ; --                      ;
; VCCA_L_USER_VOLTAGE                          ; 3.0V                                                                              ; --            ; --          ; --                      ;
; VCCA_R_USER_VOLTAGE                          ; 3.0V                                                                              ; --            ; --          ; --                      ;
; VCCR_L_USER_VOLTAGE                          ; 1.0V                                                                              ; --            ; --          ; --                      ;
; VCCR_R_USER_VOLTAGE                          ; 1.0V                                                                              ; --            ; --          ; --                      ;
; VCCT_L_USER_VOLTAGE                          ; 1.0V                                                                              ; --            ; --          ; --                      ;
; VCCT_R_USER_VOLTAGE                          ; 1.0V                                                                              ; --            ; --          ; --                      ;
+----------------------------------------------+-----------------------------------------------------------------------------------+---------------+-------------+-------------------------+


+-------------------------------------------------------------------------------------------------------------------------------+
; Flow Elapsed Time                                                                                                             ;
+---------------------------+--------------+-------------------------+---------------------+------------------------------------+
; Module Name               ; Elapsed Time ; Average Processors Used ; Peak Virtual Memory ; Total CPU Time (on all processors) ;
+---------------------------+--------------+-------------------------+---------------------+------------------------------------+
; Analysis & Synthesis      ; 00:00:01     ; 1.0                     ; 686 MB              ; 00:00:01                           ;
; Analysis & Synthesis      ; 00:03:05     ; 1.2                     ; 1499 MB             ; 00:03:32                           ;
; Analysis & Synthesis      ; 00:00:09     ; 1.3                     ; 906 MB              ; 00:00:10                           ;
; Partition Merge           ; 00:00:32     ; 1.0                     ; 1743 MB             ; 00:00:32                           ;
; Fitter                    ; 00:20:21     ; 1.7                     ; 7044 MB             ; 00:32:15                           ;
; Assembler                 ; 00:01:17     ; 1.0                     ; 2283 MB             ; 00:01:15                           ;
; TimeQuest Timing Analyzer ; 00:03:09     ; 2.7                     ; 3821 MB             ; 00:08:08                           ;
; Analysis & Synthesis      ; 00:00:37     ; 2.0                     ; 1112 MB             ; 00:01:04                           ;
; Analysis & Synthesis      ; 00:00:10     ; 1.3                     ; 915 MB              ; 00:00:10                           ;
; Partition Merge           ; 00:00:37     ; 1.0                     ; 1803 MB             ; 00:00:36                           ;
; Fitter                    ; 00:20:06     ; 1.7                     ; 7092 MB             ; 00:32:03                           ;
; Assembler                 ; 00:01:18     ; 1.0                     ; 2291 MB             ; 00:01:17                           ;
; TimeQuest Timing Analyzer ; 00:03:04     ; 2.8                     ; 3832 MB             ; 00:07:56                           ;
; Analysis & Synthesis      ; 00:00:12     ; 1.3                     ; 1047 MB             ; 00:00:11                           ;
; Analysis & Synthesis      ; 00:00:51     ; 1.7                     ; 1013 MB             ; 00:01:17                           ;
; Analysis & Synthesis      ; 00:00:12     ; 1.0                     ; 907 MB              ; 00:00:12                           ;
; Partition Merge           ; 00:00:41     ; 1.0                     ; 1847 MB             ; 00:00:41                           ;
; Fitter                    ; 00:24:00     ; 1.8                     ; 7471 MB             ; 00:38:15                           ;
; Assembler                 ; 00:01:21     ; 1.0                     ; 2398 MB             ; 00:01:21                           ;
; TimeQuest Timing Analyzer ; 00:03:13     ; 2.7                     ; 4071 MB             ; 00:07:58                           ;
; Analysis & Synthesis      ; 00:00:55     ; 1.8                     ; 1167 MB             ; 00:01:27                           ;
; Analysis & Synthesis      ; 00:00:18     ; 1.4                     ; 901 MB              ; 00:00:18                           ;
; Partition Merge           ; 00:00:44     ; 1.0                     ; 1855 MB             ; 00:00:44                           ;
; Fitter                    ; 00:23:55     ; 1.8                     ; 7862 MB             ; 00:38:11                           ;
; Assembler                 ; 00:01:17     ; 1.0                     ; 2388 MB             ; 00:01:17                           ;
; TimeQuest Timing Analyzer ; 00:03:08     ; 2.7                     ; 3940 MB             ; 00:07:52                           ;
; Analysis & Synthesis      ; 00:00:48     ; 2.0                     ; 1163 MB             ; 00:01:17                           ;
; Analysis & Synthesis      ; 00:00:12     ; 1.0                     ; 909 MB              ; 00:00:12                           ;
; Partition Merge           ; 00:00:38     ; 1.0                     ; 1966 MB             ; 00:00:38                           ;
; Fitter                    ; 00:23:09     ; 1.7                     ; 7942 MB             ; 00:35:37                           ;
; Assembler                 ; 00:01:16     ; 1.0                     ; 2385 MB             ; 00:01:16                           ;
; TimeQuest Timing Analyzer ; 00:03:05     ; 2.8                     ; 4067 MB             ; 00:07:45                           ;
; Analysis & Synthesis      ; 00:00:48     ; 1.8                     ; 1165 MB             ; 00:01:17                           ;
; Partition Merge           ; 00:00:46     ; 1.0                     ; 1942 MB             ; 00:00:45                           ;
; Fitter                    ; 00:26:10     ; 1.7                     ; 7524 MB             ; 00:41:34                           ;
; TimeQuest Timing Analyzer ; 00:03:14     ; 2.7                     ; 4052 MB             ; 00:07:56                           ;
; Analysis & Synthesis      ; 00:00:14     ; 1.2                     ; 1024 MB             ; 00:00:13                           ;
; Analysis & Synthesis      ; 00:00:12     ; 1.4                     ; 908 MB              ; 00:00:13                           ;
; Partition Merge           ; 00:00:42     ; 1.0                     ; 1836 MB             ; 00:00:41                           ;
; Fitter                    ; 00:25:12     ; 1.7                     ; 7546 MB             ; 00:39:11                           ;
; Assembler                 ; 00:01:22     ; 1.0                     ; 2400 MB             ; 00:01:21                           ;
; TimeQuest Timing Analyzer ; 00:03:21     ; 2.8                     ; 4005 MB             ; 00:08:34                           ;
; Total                     ; 03:26:22     ; --                      ; --                  ; 05:37:13                           ;
+---------------------------+--------------+-------------------------+---------------------+------------------------------------+


+---------------------------------------------------------------------------------------------+
; Flow OS Summary                                                                             ;
+---------------------------+------------------+----------------+------------+----------------+
; Module Name               ; Machine Hostname ; OS Name        ; OS Version ; Processor type ;
+---------------------------+------------------+----------------+------------+----------------+
; Analysis & Synthesis      ; kkara-desktop    ; Ubuntu 14.04.2 ; 14         ; x86_64         ;
; Analysis & Synthesis      ; kkara-desktop    ; Ubuntu 14.04.2 ; 14         ; x86_64         ;
; Analysis & Synthesis      ; kkara-desktop    ; Ubuntu 14.04.2 ; 14         ; x86_64         ;
; Partition Merge           ; kkara-desktop    ; Ubuntu 14.04.2 ; 14         ; x86_64         ;
; Fitter                    ; kkara-desktop    ; Ubuntu 14.04.2 ; 14         ; x86_64         ;
; Assembler                 ; kkara-desktop    ; Ubuntu 14.04.2 ; 14         ; x86_64         ;
; TimeQuest Timing Analyzer ; kkara-desktop    ; Ubuntu 14.04.2 ; 14         ; x86_64         ;
; Analysis & Synthesis      ; kkara-desktop    ; Ubuntu 14.04.2 ; 14         ; x86_64         ;
; Analysis & Synthesis      ; kkara-desktop    ; Ubuntu 14.04.2 ; 14         ; x86_64         ;
; Partition Merge           ; kkara-desktop    ; Ubuntu 14.04.2 ; 14         ; x86_64         ;
; Fitter                    ; kkara-desktop    ; Ubuntu 14.04.2 ; 14         ; x86_64         ;
; Assembler                 ; kkara-desktop    ; Ubuntu 14.04.2 ; 14         ; x86_64         ;
; TimeQuest Timing Analyzer ; kkara-desktop    ; Ubuntu 14.04.2 ; 14         ; x86_64         ;
; Analysis & Synthesis      ; kkara-desktop    ; Ubuntu 14.04.2 ; 14         ; x86_64         ;
; Analysis & Synthesis      ; kkara-desktop    ; Ubuntu 14.04.4 ; 14         ; x86_64         ;
; Analysis & Synthesis      ; kkara-desktop    ; Ubuntu 14.04.4 ; 14         ; x86_64         ;
; Partition Merge           ; kkara-desktop    ; Ubuntu 14.04.4 ; 14         ; x86_64         ;
; Fitter                    ; kkara-desktop    ; Ubuntu 14.04.4 ; 14         ; x86_64         ;
; Assembler                 ; kkara-desktop    ; Ubuntu 14.04.4 ; 14         ; x86_64         ;
; TimeQuest Timing Analyzer ; kkara-desktop    ; Ubuntu 14.04.4 ; 14         ; x86_64         ;
; Analysis & Synthesis      ; kkara-desktop    ; Ubuntu 14.04.4 ; 14         ; x86_64         ;
; Analysis & Synthesis      ; kkara-desktop    ; Ubuntu 14.04.4 ; 14         ; x86_64         ;
; Partition Merge           ; kkara-desktop    ; Ubuntu 14.04.4 ; 14         ; x86_64         ;
; Fitter                    ; kkara-desktop    ; Ubuntu 14.04.4 ; 14         ; x86_64         ;
; Assembler                 ; kkara-desktop    ; Ubuntu 14.04.4 ; 14         ; x86_64         ;
; TimeQuest Timing Analyzer ; kkara-desktop    ; Ubuntu 14.04.4 ; 14         ; x86_64         ;
; Analysis & Synthesis      ; kkara-desktop    ; Ubuntu 14.04.4 ; 14         ; x86_64         ;
; Analysis & Synthesis      ; kkara-desktop    ; Ubuntu 14.04.4 ; 14         ; x86_64         ;
; Partition Merge           ; kkara-desktop    ; Ubuntu 14.04.4 ; 14         ; x86_64         ;
; Fitter                    ; kkara-desktop    ; Ubuntu 14.04.4 ; 14         ; x86_64         ;
; Assembler                 ; kkara-desktop    ; Ubuntu 14.04.4 ; 14         ; x86_64         ;
; TimeQuest Timing Analyzer ; kkara-desktop    ; Ubuntu 14.04.4 ; 14         ; x86_64         ;
; Analysis & Synthesis      ; kkara-desktop    ; Ubuntu 14.04.4 ; 14         ; x86_64         ;
; Partition Merge           ; kkara-desktop    ; Ubuntu 14.04.4 ; 14         ; x86_64         ;
; Fitter                    ; kkara-desktop    ; Ubuntu 14.04.4 ; 14         ; x86_64         ;
; TimeQuest Timing Analyzer ; kkara-desktop    ; Ubuntu 14.04.4 ; 14         ; x86_64         ;
; Analysis & Synthesis      ; kkara-desktop    ; Ubuntu 14.04.4 ; 14         ; x86_64         ;
; Analysis & Synthesis      ; kkara-desktop    ; Ubuntu 14.04.4 ; 14         ; x86_64         ;
; Partition Merge           ; kkara-desktop    ; Ubuntu 14.04.4 ; 14         ; x86_64         ;
; Fitter                    ; kkara-desktop    ; Ubuntu 14.04.4 ; 14         ; x86_64         ;
; Assembler                 ; kkara-desktop    ; Ubuntu 14.04.4 ; 14         ; x86_64         ;
; TimeQuest Timing Analyzer ; kkara-desktop    ; Ubuntu 14.04.4 ; 14         ; x86_64         ;
+---------------------------+------------------+----------------+------------+----------------+


------------
; Flow Log ;
------------
quartus_map --read_settings_files=on --write_settings_files=off ome2_ivt -c ome2_ivt
quartus_map --read_settings_files=on --write_settings_files=off ome2_ivt -c ome2_ivt
quartus_map --read_settings_files=on --write_settings_files=off ome2_ivt -c ome2_ivt
quartus_cdb --read_settings_files=off --write_settings_files=off ome2_ivt -c ome2_ivt --merge=on
quartus_fit --read_settings_files=off --write_settings_files=off ome2_ivt -c ome2_ivt
quartus_asm --read_settings_files=off --write_settings_files=off ome2_ivt -c ome2_ivt
quartus_sta ome2_ivt -c ome2_ivt
quartus_map --read_settings_files=on --write_settings_files=off ome2_ivt -c ome2_ivt
quartus_map --read_settings_files=on --write_settings_files=off ome2_ivt -c ome2_ivt
quartus_cdb --read_settings_files=off --write_settings_files=off ome2_ivt -c ome2_ivt --merge=on
quartus_fit --read_settings_files=off --write_settings_files=off ome2_ivt -c ome2_ivt
quartus_asm --read_settings_files=off --write_settings_files=off ome2_ivt -c ome2_ivt
quartus_sta ome2_ivt -c ome2_ivt
quartus_map --read_settings_files=on --write_settings_files=off ome2_ivt -c ome2_ivt
quartus_map --read_settings_files=on --write_settings_files=off ome2_ivt -c ome2_ivt
quartus_map --read_settings_files=on --write_settings_files=off ome2_ivt -c ome2_ivt
quartus_cdb --read_settings_files=off --write_settings_files=off ome2_ivt -c ome2_ivt --merge=on
quartus_fit --read_settings_files=off --write_settings_files=off ome2_ivt -c ome2_ivt
quartus_asm --read_settings_files=off --write_settings_files=off ome2_ivt -c ome2_ivt
quartus_sta ome2_ivt -c ome2_ivt
quartus_map --read_settings_files=on --write_settings_files=off ome2_ivt -c ome2_ivt
quartus_map --read_settings_files=on --write_settings_files=off ome2_ivt -c ome2_ivt
quartus_cdb --read_settings_files=off --write_settings_files=off ome2_ivt -c ome2_ivt --merge=on
quartus_fit --read_settings_files=off --write_settings_files=off ome2_ivt -c ome2_ivt
quartus_asm --read_settings_files=off --write_settings_files=off ome2_ivt -c ome2_ivt
quartus_sta ome2_ivt -c ome2_ivt
quartus_map --read_settings_files=on --write_settings_files=off ome2_ivt -c ome2_ivt
quartus_map --read_settings_files=on --write_settings_files=off ome2_ivt -c ome2_ivt
quartus_cdb --read_settings_files=off --write_settings_files=off ome2_ivt -c ome2_ivt --merge=on
quartus_fit --read_settings_files=off --write_settings_files=off ome2_ivt -c ome2_ivt
quartus_asm --read_settings_files=off --write_settings_files=off ome2_ivt -c ome2_ivt
quartus_sta ome2_ivt -c ome2_ivt
quartus_map --read_settings_files=on --write_settings_files=off ome2_ivt -c ome2_ivt
quartus_cdb --read_settings_files=on --write_settings_files=off ome2_ivt -c ome2_ivt --merge=on
quartus_fit --read_settings_files=off --write_settings_files=off ome2_ivt -c ome2_ivt
quartus_eda --read_settings_files=off --write_settings_files=off ome2_ivt -c ome2_ivt
quartus_sta ome2_ivt -c ome2_ivt
quartus_map --read_settings_files=on --write_settings_files=off ome2_ivt -c ome2_ivt
quartus_map --read_settings_files=on --write_settings_files=off ome2_ivt -c ome2_ivt
quartus_cdb --read_settings_files=off --write_settings_files=off ome2_ivt -c ome2_ivt --merge=on
quartus_fit --read_settings_files=off --write_settings_files=off ome2_ivt -c ome2_ivt
quartus_asm --read_settings_files=off --write_settings_files=off ome2_ivt -c ome2_ivt
quartus_sta ome2_ivt -c ome2_ivt



